<?xml version="1.0" encoding="UTF-8"?>
<testng-results ignored="0" total="1" passed="1" failed="0" skipped="0">
  <reporter-output>
  </reporter-output>
  <suite started-at="2024-02-29T20:29:07 EST" name="Default suite" finished-at="2024-02-29T20:31:09 EST" duration-ms="121947">
    <groups>
    </groups>
    <test started-at="2024-02-29T20:29:07 EST" name="Default test" finished-at="2024-02-29T20:31:09 EST" duration-ms="121947">
      <class name="com.qa.base.TestBase">
        <test-method signature="configureAppium()[pri:0, instance:com.qa.base.TestBase@76c3e77a]" started-at="2024-02-29T20:29:07 EST" name="configureAppium" finished-at="2024-02-29T20:31:09 EST" duration-ms="121854" status="PASS">
          <reporter-output>
          </reporter-output>
        </test-method> <!-- configureAppium -->
      </class> <!-- com.qa.base.TestBase -->
    </test> <!-- Default test -->
  </suite> <!-- Default suite -->
</testng-results>
